<?xml version="1.0" encoding="UTF-8"?>
<testsuite name="ClientTest" tests="5" skipped="0" failures="0" errors="0" timestamp="2022-06-27T08:54:29" hostname="LAPTOP-9GED6IPR" time="1.862">
  <properties/>
  <testcase name="testBaseClient()" classname="ClientTest" time="0.481"/>
  <testcase name="testLobbyClient()" classname="ClientTest" time="0.048"/>
  <testcase name="testManagerChange()" classname="ClientTest" time="0.897"/>
  <testcase name="testManagerClient()" classname="ClientTest" time="0.036"/>
  <testcase name="testClientServerPartAPI()" classname="ClientTest" time="0.398"/>
  <system-out><![CDATA[]]></system-out>
  <system-err><![CDATA[giu 27, 2022 10:54:31 AM io.vertx.core.impl.VertxImpl
AVVERTENZA: You're already on a Vert.x context, are you sure you want to create a new Vertx instance?
giu 27, 2022 10:54:31 AM io.vertx.core.impl.VertxImpl
AVVERTENZA: You're already on a Vert.x context, are you sure you want to create a new Vertx instance?
]]></system-err>
</testsuite>
