<?xml version="1.0" encoding="UTF-8"?>
<testsuite name="ClientTest" tests="5" skipped="0" failures="0" errors="0" timestamp="2022-07-01T08:41:36" hostname="LAPTOP-9GED6IPR" time="2.167">
  <properties/>
  <testcase name="testBaseClient()" classname="ClientTest" time="0.557"/>
  <testcase name="testLobbyClient()" classname="ClientTest" time="0.063"/>
  <testcase name="testManagerChange()" classname="ClientTest" time="1.118"/>
  <testcase name="testManagerClient()" classname="ClientTest" time="0.038"/>
  <testcase name="testClientServerPartAPI()" classname="ClientTest" time="0.391"/>
  <system-out><![CDATA[]]></system-out>
  <system-err><![CDATA[lug 01, 2022 10:41:38 AM io.vertx.core.impl.VertxImpl
AVVERTENZA: You're already on a Vert.x context, are you sure you want to create a new Vertx instance?
lug 01, 2022 10:41:38 AM io.vertx.core.impl.VertxImpl
AVVERTENZA: You're already on a Vert.x context, are you sure you want to create a new Vertx instance?
]]></system-err>
</testsuite>
