<?xml version="1.0" encoding="UTF-8"?>
<testsuite name="ClientTest" tests="4" skipped="0" failures="0" errors="0" timestamp="2022-04-28T18:53:31" hostname="LAPTOP-9GED6IPR" time="1.57">
  <properties/>
  <testcase name="testBaseClient()" classname="ClientTest" time="0.502"/>
  <testcase name="testLobbyClient()" classname="ClientTest" time="0.042"/>
  <testcase name="testManagerClient()" classname="ClientTest" time="0.033"/>
  <testcase name="testClientServerPartAPI()" classname="ClientTest" time="0.991"/>
  <system-out><![CDATA[]]></system-out>
  <system-err><![CDATA[apr 28, 2022 8:53:32 PM io.vertx.core.impl.VertxImpl
AVVERTENZA: You're already on a Vert.x context, are you sure you want to create a new Vertx instance?
]]></system-err>
</testsuite>
